SF:lib/provider/provider_scope.dart
DA:4,3
DA:7,3
DA:9,3
DA:10,3
DA:18,3
DA:19,9
DA:20,3
DA:22,6
DA:25,3
DA:26,9
DA:30,3
DA:31,3
DA:32,6
LF:13
LH:13
end_of_record
SF:lib/notifiers/base_notifier.dart
DA:13,3
DA:22,10
DA:25,2
DA:27,3
DA:29,3
DA:33,2
DA:34,2
DA:49,0
DA:54,0
DA:55,0
DA:56,0
DA:59,5
DA:60,15
DA:61,10
DA:69,5
DA:70,10
DA:71,5
DA:72,0
DA:74,10
DA:75,4
DA:76,6
DA:79,5
DA:83,3
DA:84,6
DA:85,3
DA:90,2
DA:91,4
DA:92,4
DA:93,4
DA:94,2
DA:98,4
DA:99,4
DA:104,3
DA:107,3
DA:108,3
DA:109,4
DA:111,6
DA:114,3
DA:116,3
LF:39
LH:34
end_of_record
SF:lib/notifiers/state_notifier.dart
DA:9,10
DA:10,2
DA:12,6
DA:13,6
DA:14,12
DA:20,5
DA:22,5
DA:26,0
DA:28,0
DA:33,5
DA:34,15
DA:35,10
DA:36,5
DA:37,15
DA:39,10
DA:48,8
DA:51,3
DA:53,3
DA:57,3
DA:58,3
LF:20
LH:18
end_of_record
SF:lib/consumer/consumer.dart
DA:21,1
DA:25,1
DA:35,1
DA:37,2
DA:40,1
LF:5
LH:5
end_of_record
SF:lib/consumer/consumer_widget.dart
DA:16,3
DA:22,1
DA:24,1
DA:37,2
DA:47,0
DA:49,0
DA:60,1
DA:61,1
DA:62,1
DA:66,1
DA:68,1
DA:69,1
DA:70,1
DA:74,1
DA:75,2
DA:76,1
DA:77,1
DA:78,1
DA:82,2
DA:83,2
DA:95,1
DA:98,1
DA:99,1
DA:101,1
DA:103,1
DA:109,1
DA:112,1
DA:115,2
DA:123,2
DA:124,2
DA:125,1
DA:127,1
DA:129,1
DA:131,2
DA:134,2
DA:135,1
DA:145,1
DA:148,1
DA:149,1
DA:151,1
DA:152,1
DA:154,2
DA:157,2
DA:158,2
DA:159,1
DA:161,1
DA:164,1
DA:166,2
DA:167,2
DA:168,1
DA:173,1
DA:175,1
DA:176,1
DA:177,1
DA:179,3
DA:214,3
DA:219,1
DA:220,1
DA:226,1
DA:227,1
DA:229,1
DA:231,3
LF:62
LH:60
end_of_record
SF:lib/provider/base_tag_provider.dart
DA:10,0
DA:18,0
DA:24,0
DA:25,0
DA:27,0
DA:32,0
DA:33,0
DA:34,0
DA:38,0
DA:39,0
DA:40,0
DA:41,0
DA:44,0
DA:48,0
DA:53,0
DA:54,0
DA:55,0
DA:58,0
DA:60,0
DA:61,0
LF:20
LH:0
end_of_record
SF:lib/provider/provider.dart
DA:7,1
DA:9,1
DA:12,1
DA:17,1
DA:20,1
DA:23,1
DA:26,1
DA:34,1
DA:41,1
DA:43,1
DA:45,4
DA:53,1
DA:57,1
DA:58,1
DA:59,1
DA:62,1
DA:65,3
DA:66,3
LF:18
LH:18
end_of_record
SF:lib/provider/base_provider.dart
DA:19,3
DA:37,9
DA:46,6
DA:51,3
DA:52,3
DA:53,3
DA:55,6
DA:57,6
DA:58,3
DA:59,9
DA:61,9
DA:63,6
DA:64,2
DA:65,2
DA:66,2
DA:71,6
DA:73,3
DA:76,1
DA:77,2
DA:78,2
DA:81,3
DA:83,3
DA:86,6
DA:87,6
DA:88,6
DA:90,3
DA:91,3
DA:92,3
DA:93,3
DA:94,3
DA:98,3
DA:99,3
DA:104,1
DA:109,1
DA:110,0
DA:112,1
DA:113,1
DA:120,1
DA:121,1
DA:123,1
DA:128,1
DA:129,1
DA:132,7
DA:147,1
DA:148,1
LF:45
LH:44
end_of_record
SF:lib/provider/state_notifier_provider.dart
DA:5,2
DA:11,1
DA:16,1
DA:26,1
DA:35,0
DA:41,0
DA:43,0
DA:44,0
DA:45,0
DA:46,0
DA:47,0
DA:48,0
DA:49,0
DA:50,0
DA:54,0
DA:57,0
DA:63,0
DA:69,0
DA:71,0
DA:72,0
DA:73,0
DA:74,0
DA:75,0
DA:76,0
DA:77,0
DA:78,0
DA:82,0
DA:85,0
LF:28
LH:4
end_of_record
SF:lib/consumer/watch_filter.dart
DA:22,1
DA:51,1
DA:52,2
DA:53,1
DA:54,1
DA:55,1
DA:76,1
DA:80,2
DA:81,1
DA:82,1
DA:83,1
DA:89,1
DA:90,4
DA:91,1
DA:94,1
DA:95,4
DA:96,1
DA:98,0
DA:104,1
DA:107,1
DA:109,1
DA:114,1
DA:115,2
DA:119,1
DA:123,1
DA:124,1
DA:125,5
DA:128,1
DA:130,3
DA:131,1
DA:133,1
DA:134,2
DA:138,1
LF:33
LH:32
end_of_record
SF:lib/notifiers/bloc_notifier.dart
DA:12,1
DA:18,1
DA:21,5
DA:23,1
DA:24,0
DA:26,2
DA:27,1
DA:28,2
DA:40,1
DA:41,5
DA:42,1
DA:44,3
DA:45,1
DA:48,3
DA:49,1
DA:50,2
DA:53,1
DA:56,1
DA:57,1
DA:58,2
DA:61,1
DA:65,1
DA:67,1
DA:76,1
DA:88,1
DA:93,1
DA:95,1
DA:109,2
DA:112,1
DA:113,1
LF:30
LH:29
end_of_record
SF:lib/notifiers/persistent_state_mixin.dart
DA:25,1
DA:27,3
DA:30,3
DA:31,3
DA:33,9
DA:36,3
DA:42,2
DA:43,2
DA:45,6
DA:46,3
DA:48,2
DA:49,1
DA:50,1
DA:54,3
DA:56,3
DA:57,3
DA:59,3
DA:60,3
DA:61,3
DA:64,3
DA:65,3
LF:21
LH:21
end_of_record
SF:lib/rx/rx.dart
DA:15,4
DA:16,8
DA:17,4
DA:21,12
DA:24,3
DA:29,5
DA:30,5
DA:34,3
DA:35,6
DA:36,3
DA:37,12
DA:42,5
DA:46,2
DA:48,5
DA:52,12
LF:15
LH:15
end_of_record
SF:lib/rx/rx_notifier.dart
DA:14,4
DA:17,6
DA:19,2
DA:21,4
DA:23,10
DA:26,6
DA:27,2
DA:28,4
DA:33,2
DA:34,6
DA:38,2
DA:39,6
DA:40,4
DA:41,2
DA:44,4
DA:45,4
LF:16
LH:16
end_of_record
SF:lib/rx/extensions.dart
DA:12,8
LF:1
LH:1
end_of_record
SF:lib/rx/utils.dart
DA:9,1
DA:11,3
DA:13,1
DA:14,1
DA:17,1
DA:20,1
DA:26,1
DA:29,3
DA:31,1
DA:32,1
DA:33,1
DA:36,1
DA:37,1
DA:40,1
DA:44,1
DA:45,1
DA:47,3
DA:48,1
DA:49,2
DA:50,1
DA:51,1
DA:55,1
DA:59,1
DA:60,1
DA:62,3
DA:63,2
DA:64,1
DA:67,1
DA:77,1
DA:79,1
DA:80,1
DA:82,2
DA:84,2
DA:85,1
DA:97,1
DA:99,1
DA:100,2
DA:101,3
DA:105,3
DA:108,3
LF:40
LH:40
end_of_record
SF:lib/rx/rx_builder.dart
DA:47,2
DA:52,1
DA:54,1
DA:58,1
DA:59,2
DA:66,1
DA:68,1
DA:69,4
DA:70,1
DA:73,4
DA:76,1
DA:78,1
DA:80,2
DA:81,2
DA:82,1
DA:85,1
DA:86,2
DA:87,2
DA:91,1
DA:95,1
DA:96,3
DA:97,2
DA:98,0
LF:23
LH:22
end_of_record
